<?xml version="1.0" encoding="UTF-8"?>
<testng-results ignored="0" total="1" passed="1" failed="0" skipped="0">
  <reporter-output>
  </reporter-output>
  <suite started-at="2024-10-05T11:41:08 IST" name="Default suite" finished-at="2024-10-05T11:41:11 IST" duration-ms="3116">
    <groups>
    </groups>
    <test started-at="2024-10-05T11:41:08 IST" name="Default test" finished-at="2024-10-05T11:41:11 IST" duration-ms="3116">
      <class name="demo.Login">
        <test-method is-config="true" signature="b_class()[pri:0, instance:demo.Login@1283bb96]" started-at="2024-10-05T11:41:08 IST" name="b_class" finished-at="2024-10-05T11:41:08 IST" duration-ms="12" status="PASS">
          <reporter-output>
          </reporter-output>
        </test-method> <!-- b_class -->
        <test-method is-config="true" signature="data()[pri:0, instance:demo.Login@1283bb96]" started-at="2024-10-05T11:41:08 IST" name="data" finished-at="2024-10-05T11:41:08 IST" duration-ms="29" status="PASS">
          <reporter-output>
          </reporter-output>
        </test-method> <!-- data -->
        <test-method signature="test(java.lang.String,java.lang.String)[pri:0, instance:demo.Login@1283bb96]" started-at="2024-10-05T11:41:08 IST" name="test" data-provider="facebook_login" finished-at="2024-10-05T11:41:11 IST" duration-ms="2748" status="PASS">
          <params>
            <param index="0">
              <value>
                <![CDATA[chakii]]>
              </value>
            </param>
            <param index="1">
              <value>
                <![CDATA[987654321]]>
              </value>
            </param>
          </params>
          <reporter-output>
          </reporter-output>
        </test-method> <!-- test -->
      </class> <!-- demo.Login -->
    </test> <!-- Default test -->
  </suite> <!-- Default suite -->
</testng-results>
