<?xml version="1.0" encoding="UTF-8"?>
<testng-results ignored="0" total="1" passed="1" failed="0" skipped="0">
  <reporter-output>
  </reporter-output>
  <suite started-at="2024-10-03T12:47:34 IST" name="Suite" finished-at="2024-10-03T12:47:46 IST" duration-ms="12545">
    <groups>
    </groups>
    <test started-at="2024-10-03T12:47:34 IST" name="Test" finished-at="2024-10-03T12:47:46 IST" duration-ms="12545">
      <class name="demo.Login">
        <test-method is-config="true" signature="op_app()[pri:0, instance:demo.Login@1189dd52]" started-at="2024-10-03T12:47:34 IST" name="op_app" finished-at="2024-10-03T12:47:45 IST" duration-ms="11282" status="PASS">
          <reporter-output>
          </reporter-output>
        </test-method> <!-- op_app -->
        <test-method signature="test()[pri:0, instance:demo.Login@1189dd52]" started-at="2024-10-03T12:47:45 IST" name="test" finished-at="2024-10-03T12:47:46 IST" duration-ms="803" status="PASS">
          <reporter-output>
          </reporter-output>
        </test-method> <!-- test -->
        <test-method is-config="true" signature="close_app(org.testng.ITestResult)[pri:0, instance:demo.Login@1189dd52]" started-at="2024-10-03T12:47:46 IST" name="close_app" finished-at="2024-10-03T12:47:46 IST" duration-ms="425" status="PASS">
          <params>
            <param index="0">
              <value>
                <![CDATA[[TestResult name=test status=SUCCESS method=Login.test()[pri:0, instance:demo.Login@1189dd52] output={null}]]]>
              </value>
            </param>
          </params>
          <reporter-output>
          </reporter-output>
        </test-method> <!-- close_app -->
      </class> <!-- demo.Login -->
    </test> <!-- Test -->
  </suite> <!-- Suite -->
</testng-results>
