<?xml version="1.0" encoding="UTF-8"?>
<testng-results ignored="0" total="1" passed="1" failed="0" skipped="0">
  <reporter-output>
  </reporter-output>
  <suite started-at="2024-09-30T12:06:17 IST" name="Default suite" finished-at="2024-09-30T12:06:32 IST" duration-ms="14238">
    <groups>
    </groups>
    <test started-at="2024-09-30T12:06:17 IST" name="Default test" finished-at="2024-09-30T12:06:32 IST" duration-ms="14238">
      <class name="demo.Login">
        <test-method is-config="true" signature="op_app()[pri:0, instance:demo.Login@1189dd52]" started-at="2024-09-30T12:06:17 IST" name="op_app" finished-at="2024-09-30T12:06:31 IST" duration-ms="13598" status="PASS">
          <reporter-output>
          </reporter-output>
        </test-method> <!-- op_app -->
        <test-method signature="test()[pri:0, instance:demo.Login@1189dd52]" started-at="2024-09-30T12:06:31 IST" name="test" finished-at="2024-09-30T12:06:31 IST" duration-ms="427" status="PASS">
          <reporter-output>
          </reporter-output>
        </test-method> <!-- test -->
        <test-method is-config="true" signature="close_app(org.testng.ITestResult)[pri:0, instance:demo.Login@1189dd52]" started-at="2024-09-30T12:06:31 IST" name="close_app" finished-at="2024-09-30T12:06:32 IST" duration-ms="173" status="PASS">
          <params>
            <param index="0">
              <value>
                <![CDATA[[TestResult name=test status=SUCCESS method=Login.test()[pri:0, instance:demo.Login@1189dd52] output={null}]]]>
              </value>
            </param>
          </params>
          <reporter-output>
          </reporter-output>
        </test-method> <!-- close_app -->
      </class> <!-- demo.Login -->
    </test> <!-- Default test -->
  </suite> <!-- Default suite -->
</testng-results>
