<?xml version="1.0" encoding="UTF-8"?>
<testng-results ignored="0" total="2" passed="2" failed="0" skipped="0">
  <reporter-output>
  </reporter-output>
  <suite started-at="2024-08-19T17:34:17 IST" name="Default suite" finished-at="2024-08-19T17:34:37 IST" duration-ms="19977">
    <groups>
    </groups>
    <test started-at="2024-08-19T17:34:17 IST" name="Default test" finished-at="2024-08-19T17:34:37 IST" duration-ms="19977">
      <class name="frame_work.Demo">
        <test-method is-config="true" signature="oppapp()[pri:0, instance:frame_work.Demo@459e9125]" started-at="2024-08-19T17:34:17 IST" name="oppapp" finished-at="2024-08-19T17:34:22 IST" duration-ms="4686" status="PASS">
          <reporter-output>
          </reporter-output>
        </test-method> <!-- oppapp -->
        <test-method signature="test(java.lang.String,java.lang.String)[pri:0, instance:frame_work.Demo@459e9125]" started-at="2024-08-19T17:34:22 IST" name="test" data-provider="facebook" finished-at="2024-08-19T17:34:27 IST" duration-ms="5397" status="PASS">
          <params>
            <param index="0">
              <value>
                <![CDATA[Selenium]]>
              </value>
            </param>
            <param index="1">
              <value>
                <![CDATA[32165498]]>
              </value>
            </param>
          </params>
          <reporter-output>
          </reporter-output>
        </test-method> <!-- test -->
        <test-method is-config="true" signature="close()[pri:0, instance:frame_work.Demo@459e9125]" started-at="2024-08-19T17:34:28 IST" name="close" finished-at="2024-08-19T17:34:28 IST" duration-ms="1" status="PASS">
          <reporter-output>
          </reporter-output>
        </test-method> <!-- close -->
        <test-method is-config="true" signature="oppapp()[pri:0, instance:frame_work.Demo@459e9125]" started-at="2024-08-19T17:34:28 IST" name="oppapp" finished-at="2024-08-19T17:34:32 IST" duration-ms="4423" status="PASS">
          <reporter-output>
          </reporter-output>
        </test-method> <!-- oppapp -->
        <test-method signature="test(java.lang.String,java.lang.String)[pri:0, instance:frame_work.Demo@459e9125]" started-at="2024-08-19T17:34:32 IST" name="test" data-provider="facebook" finished-at="2024-08-19T17:34:37 IST" duration-ms="5410" status="PASS">
          <params>
            <param index="0">
              <value>
                <![CDATA[Api]]>
              </value>
            </param>
            <param index="1">
              <value>
                <![CDATA[6540]]>
              </value>
            </param>
          </params>
          <reporter-output>
          </reporter-output>
        </test-method> <!-- test -->
        <test-method is-config="true" signature="close()[pri:0, instance:frame_work.Demo@459e9125]" started-at="2024-08-19T17:34:37 IST" name="close" finished-at="2024-08-19T17:34:37 IST" duration-ms="1" status="PASS">
          <reporter-output>
          </reporter-output>
        </test-method> <!-- close -->
      </class> <!-- frame_work.Demo -->
    </test> <!-- Default test -->
  </suite> <!-- Default suite -->
</testng-results>
